# JRE version: Java(TM) SE Runtime Environment (8.0_111-b14) (build 1.8.0_111-b14)
# Java VM: Java HotSpot(TM) 64-Bit Server VM (25.111-b14 mixed mode windows-amd64 compressed oops)
Heap:
 PSYoungGen      total 153600K, used 25461K [0x00000000eb300000, 0x00000000f7780000, 0x0000000100000000)
  eden space 140288K, 11% used [0x00000000eb300000,0x00000000ec266460,0x00000000f3c00000)
  from space 13312K, 72% used [0x00000000f3c00000,0x00000000f4577278,0x00000000f4900000)
  to   space 13824K, 0% used [0x00000000f6a00000,0x00000000f6a00000,0x00000000f7780000)
 ParOldGen       total 56320K, used 19065K [0x00000000c1800000, 0x00000000c4f00000, 0x00000000eb300000)
  object space 56320K, 33% used [0x00000000c1800000,0x00000000c2a9e5b0,0x00000000c4f00000)
 Metaspace       used 44962K, capacity 46869K, committed 47152K, reserved 1089536K
  class space    used 5927K, capacity 6323K, committed 6448K, reserved 1048576K
GC Heap History (10 events):
Event: 5.847 GC heap before
{Heap before GC invocations=9 (full 1):
 PSYoungGen      total 72192K, used 72175K [0x00000000eb300000, 0x00000000f2b00000, 0x0000000100000000)
  eden space 65536K, 100% used [0x00000000eb300000,0x00000000ef300000,0x00000000ef300000)
  from space 6656K, 99% used [0x00000000ef300000,0x00000000ef97bce0,0x00000000ef980000)
  to   space 7680K, 0% used [0x00000000f2380000,0x00000000f2380000,0x00000000f2b00000)
 ParOldGen       total 35840K, used 10489K [0x00000000c1800000, 0x00000000c3b00000, 0x00000000eb300000)
  object space 35840K, 29% used [0x00000000c1800000,0x00000000c223e4b0,0x00000000c3b00000)
 Metaspace       used 29881K, capacity 30768K, committed 31024K, reserved 1077248K
  class space    used 3832K, capacity 4024K, committed 4144K, reserved 1048576K
Event: 5.880 GC heap after
Heap after GC invocations=9 (full 1):
 PSYoungGen      total 113152K, used 7661K [0x00000000eb300000, 0x00000000f2d80000, 0x0000000100000000)
  eden space 105472K, 0% used [0x00000000eb300000,0x00000000eb300000,0x00000000f1a00000)
  from space 7680K, 99% used [0x00000000f2380000,0x00000000f2afb528,0x00000000f2b00000)
  to   space 9728K, 0% used [0x00000000f1a00000,0x00000000f1a00000,0x00000000f2380000)
 ParOldGen       total 35840K, used 12613K [0x00000000c1800000, 0x00000000c3b00000, 0x00000000eb300000)
  object space 35840K, 35% used [0x00000000c1800000,0x00000000c24515c8,0x00000000c3b00000)
 Metaspace       used 29881K, capacity 30768K, committed 31024K, reserved 1077248K
  class space    used 3832K, capacity 4024K, committed 4144K, reserved 1048576K
}
Event: 7.774 GC heap before
{Heap before GC invocations=10 (full 1):
 PSYoungGen      total 113152K, used 84393K [0x00000000eb300000, 0x00000000f2d80000, 0x0000000100000000)
  eden space 105472K, 72% used [0x00000000eb300000,0x00000000efdef078,0x00000000f1a00000)
  from space 7680K, 99% used [0x00000000f2380000,0x00000000f2afb528,0x00000000f2b00000)
  to   space 9728K, 0% used [0x00000000f1a00000,0x00000000f1a00000,0x00000000f2380000)
 ParOldGen       total 35840K, used 12613K [0x00000000c1800000, 0x00000000c3b00000, 0x00000000eb300000)
  object space 35840K, 35% used [0x00000000c1800000,0x00000000c24515c8,0x00000000c3b00000)
 Metaspace       used 34019K, capacity 35377K, committed 35496K, reserved 1081344K
  class space    used 4380K, capacity 4656K, committed 4656K, reserved 1048576K
Event: 7.825 GC heap after
Heap after GC invocations=10 (full 1):
 PSYoungGen      total 115200K, used 9696K [0x00000000eb300000, 0x00000000f5880000, 0x0000000100000000)
  eden space 105472K, 0% used [0x00000000eb300000,0x00000000eb300000,0x00000000f1a00000)
  from space 9728K, 99% used [0x00000000f1a00000,0x00000000f2378300,0x00000000f2380000)
  to   space 12800K, 0% used [0x00000000f4c00000,0x00000000f4c00000,0x00000000f5880000)
 ParOldGen       total 35840K, used 17617K [0x00000000c1800000, 0x00000000c3b00000, 0x00000000eb300000)
  object space 35840K, 49% used [0x00000000c1800000,0x00000000c29345f8,0x00000000c3b00000)
 Metaspace       used 34019K, capacity 35377K, committed 35496K, reserved 1081344K
  class space    used 4380K, capacity 4656K, committed 4656K, reserved 1048576K
}
Event: 7.825 GC heap before
{Heap before GC invocations=11 (full 2):
 PSYoungGen      total 115200K, used 9696K [0x00000000eb300000, 0x00000000f5880000, 0x0000000100000000)
  eden space 105472K, 0% used [0x00000000eb300000,0x00000000eb300000,0x00000000f1a00000)
  from space 9728K, 99% used [0x00000000f1a00000,0x00000000f2378300,0x00000000f2380000)
  to   space 12800K, 0% used [0x00000000f4c00000,0x00000000f4c00000,0x00000000f5880000)
 ParOldGen       total 35840K, used 17617K [0x00000000c1800000, 0x00000000c3b00000, 0x00000000eb300000)
  object space 35840K, 49% used [0x00000000c1800000,0x00000000c29345f8,0x00000000c3b00000)
 Metaspace       used 34019K, capacity 35377K, committed 35496K, reserved 1081344K
  class space    used 4380K, capacity 4656K, committed 4656K, reserved 1048576K
Event: 7.986 GC heap after
Heap after GC invocations=11 (full 2):
 PSYoungGen      total 115200K, used 0K [0x00000000eb300000, 0x00000000f5880000, 0x0000000100000000)
  eden space 105472K, 0% used [0x00000000eb300000,0x00000000eb300000,0x00000000f1a00000)
  from space 9728K, 0% used [0x00000000f1a00000,0x00000000f1a00000,0x00000000f2380000)
  to   space 12800K, 0% used [0x00000000f4c00000,0x00000000f4c00000,0x00000000f5880000)
 ParOldGen       total 56320K, used 19049K [0x00000000c1800000, 0x00000000c4f00000, 0x00000000eb300000)
  object space 56320K, 33% used [0x00000000c1800000,0x00000000c2a9a5b0,0x00000000c4f00000)
 Metaspace       used 34019K, capacity 35377K, committed 35496K, reserved 1081344K
  class space    used 4380K, capacity 4656K, committed 4656K, reserved 1048576K
}
Event: 10.568 GC heap before
{Heap before GC invocations=12 (full 2):
 PSYoungGen      total 115200K, used 105472K [0x00000000eb300000, 0x00000000f5880000, 0x0000000100000000)
  eden space 105472K, 100% used [0x00000000eb300000,0x00000000f1a00000,0x00000000f1a00000)
  from space 9728K, 0% used [0x00000000f1a00000,0x00000000f1a00000,0x00000000f2380000)
  to   space 12800K, 0% used [0x00000000f4c00000,0x00000000f4c00000,0x00000000f5880000)
 ParOldGen       total 56320K, used 19049K [0x00000000c1800000, 0x00000000c4f00000, 0x00000000eb300000)
  object space 56320K, 33% used [0x00000000c1800000,0x00000000c2a9a5b0,0x00000000c4f00000)
 Metaspace       used 40635K, capacity 42411K, committed 42544K, reserved 1085440K
  class space    used 5312K, capacity 5656K, committed 5680K, reserved 1048576K
Event: 10.589 GC heap after
Heap after GC invocations=12 (full 2):
 PSYoungGen      total 146944K, used 9789K [0x00000000eb300000, 0x00000000f5600000, 0x0000000100000000)
  eden space 136704K, 0% used [0x00000000eb300000,0x00000000eb300000,0x00000000f3880000)
  from space 10240K, 95% used [0x00000000f4c00000,0x00000000f558f7a8,0x00000000f5600000)
  to   space 13312K, 0% used [0x00000000f3c00000,0x00000000f3c00000,0x00000000f4900000)
 ParOldGen       total 56320K, used 19057K [0x00000000c1800000, 0x00000000c4f00000, 0x00000000eb300000)
  object space 56320K, 33% used [0x00000000c1800000,0x00000000c2a9c5b0,0x00000000c4f00000)
 Metaspace       used 40635K, capacity 42411K, committed 42544K, reserved 1085440K
  class space    used 5312K, capacity 5656K, committed 5680K, reserved 1048576K
}
Event: 13.462 GC heap before
{Heap before GC invocations=13 (full 2):
 PSYoungGen      total 146944K, used 146493K [0x00000000eb300000, 0x00000000f5600000, 0x0000000100000000)
  eden space 136704K, 100% used [0x00000000eb300000,0x00000000f3880000,0x00000000f3880000)
  from space 10240K, 95% used [0x00000000f4c00000,0x00000000f558f7a8,0x00000000f5600000)
  to   space 13312K, 0% used [0x00000000f3c00000,0x00000000f3c00000,0x00000000f4900000)
 ParOldGen       total 56320K, used 19057K [0x00000000c1800000, 0x00000000c4f00000, 0x00000000eb300000)
  object space 56320K, 33% used [0x00000000c1800000,0x00000000c2a9c5b0,0x00000000c4f00000)
 Metaspace       used 44682K, capacity 46579K, committed 46768K, reserved 1089536K
  class space    used 5866K, capacity 6252K, committed 6320K, reserved 1048576K
Event: 13.486 GC heap after
Heap after GC invocations=13 (full 2):
 PSYoungGen      total 153600K, used 9692K [0x00000000eb300000, 0x00000000f7780000, 0x0000000100000000)
  eden space 140288K, 0% used [0x00000000eb300000,0x00000000eb300000,0x00000000f3c00000)
  from space 13312K, 72% used [0x00000000f3c00000,0x00000000f4577278,0x00000000f4900000)
  to   space 13824K, 0% used [0x00000000f6a00000,0x00000000f6a00000,0x00000000f7780000)
 ParOldGen       total 56320K, used 19065K [0x00000000c1800000, 0x00000000c4f00000, 0x00000000eb300000)
  object space 56320K, 33% used [0x00000000c1800000,0x00000000c2a9e5b0,0x00000000c4f00000)
 Metaspace       used 44682K, capacity 46579K, committed 46768K, reserved 1089536K
  class space    used 5866K, capacity 6252K, committed 6320K, reserved 1048576K
}

